Scid-Engine communication log file
Engine: Stockfish 18
Command: /home/atharv/Chess/Engines/stockfish/stockfish-ubuntu-x86-64-avx2
Date: Wed Mar 11 12:56:17 IST 2026

This file was automatically generated by Scid.
It is rewritten every time an engine is started in Scid.

NOTE  : First line from engine seen; sending it initial commands now.
Scid  : uci
Engine: Stockfish 18 by the Stockfish developers (see AUTHORS file)
Engine: id name Stockfish 18
Engine: id author the Stockfish developers (see AUTHORS file)
Engine: option name Debug Log File type string default <empty>
Engine: option name NumaPolicy type string default auto
Engine: option name Threads type spin default 1 min 1 max 1024
Engine: option name Hash type spin default 16 min 1 max 33554432
Engine: option name Clear Hash type button
Engine: option name Ponder type check default false
Engine: option name MultiPV type spin default 1 min 1 max 256
Engine: option name Skill Level type spin default 20 min 0 max 20
Engine: option name Move Overhead type spin default 10 min 0 max 5000
Engine: option name nodestime type spin default 0 min 0 max 10000
Engine: option name UCI_Chess960 type check default false
Engine: option name UCI_LimitStrength type check default false
Engine: option name UCI_Elo type spin default 1320 min 1320 max 3190
Engine: option name UCI_ShowWDL type check default false
Engine: option name SyzygyPath type string default <empty>
Engine: option name SyzygyProbeDepth type spin default 1 min 1 max 100
Engine: option name Syzygy50MoveRule type check default true
Engine: option name SyzygyProbeLimit type spin default 7 min 0 max 7
Engine: option name EvalFile type string default nn-c288c895ea92.nnue
Engine: option name EvalFileSmall type string default nn-37f18f62d772.nnue
Engine: uciok
Scid  : setoption name Hash value 2048
Scid  : setoption name MultiPV value 3
Scid  : isready
Engine: readyok
Scid  : stop
Scid  : quit
